
(firefox:3479): GLib-GObject-WARNING **: 16:42:48.932: ../../../gobject/gsignal.c:3599: signal name 'load_complete' is invalid for instance '0x7ff171c6e710' of type 'MaiAtkType139'

(firefox:3479): GLib-GObject-WARNING **: 16:42:48.932: ../../../gobject/gsignal.c:3599: signal name 'load_complete' is invalid for instance '0x7ff171c6e9b0' of type 'MaiAtkType139'

(firefox:3479): GLib-GObject-WARNING **: 16:42:51.224: ../../../gobject/gsignal.c:3599: signal name 'load_complete' is invalid for instance '0x7ff171d0ccb0' of type 'MaiAtkType139'
Icon theme "breeze-dark" not found.
Icon theme "breeze-dark" not found.
Couldn't start kuiserver from org.kde.kuiserver.service: QDBusError("org.freedesktop.DBus.Error.ServiceUnknown", "The name org.kde.kuiserver was not provided by any .service files")
Couldn't start kuiserver from org.kde.kuiserver.service: QDBusError("org.freedesktop.DBus.Error.ServiceUnknown", "The name org.kde.kuiserver was not provided by any .service files")
kf5.kconfig.core: "KConfigIni: In file /usr/share/applications/screensavers/glitchpeg.desktop, line 7: " Invalid entry (missing '=')
command= "firefox %u" args= ("firefox %u", "file:///tmp/ark-WRiaVV/SearchForm.html")
EXEC "/usr/bin/firefox /tmp/ark-WRiaVV/SearchForm.html"
EXEC done
sleeping for 180 seconds before deleting file...
kdeinit5: preparing to launch '/usr/lib/x86_64-linux-gnu/libexec/kf5/klauncher'
kdeinit5: Launched KLauncher, pid = 4973, result = 0
Connecting to deprecated signal QDBusConnectionInterface::serviceOwnerChanged(QString,QString,QString)
kdeinit5: opened connection to :0
kdeinit5: Got EXEC_NEW '/usr/lib/x86_64-linux-gnu/qt5/plugins/kf5/kio/file.so' from launcher.
kdeinit5: preparing to launch '/usr/lib/x86_64-linux-gnu/qt5/plugins/kf5/kio/file.so'
kf5.kservice.services: KServiceTypeTrader: serviceType "ThumbCreator" not found
kf5.kservice.services: KServiceTypeTrader: serviceType "ThumbCreator" not found
kf5.kservice.services: KServiceTypeTrader: serviceType "ThumbCreator" not found

(firefox:3479): GLib-GObject-WARNING **: 17:20:05.695: ../../../gobject/gsignal.c:3599: signal name 'load_complete' is invalid for instance '0x7ff17282cb90' of type 'MaiAtkType139'

(firefox:3479): GLib-GObject-WARNING **: 17:20:05.695: ../../../gobject/gsignal.c:3599: signal name 'load_complete' is invalid for instance '0x7ff17282ca70' of type 'MaiAtkType139'

(firefox:3479): GLib-GObject-WARNING **: 17:20:07.076: ../../../gobject/gsignal.c:3599: signal name 'load_complete' is invalid for instance '0x7ff172b98a10' of type 'MaiAtkType139'

(firefox:3479): GLib-GObject-WARNING **: 17:20:11.470: ../../../gobject/gsignal.c:3599: signal name 'load_complete' is invalid for instance '0x7ff1668d67d0' of type 'MaiAtkType139'

(firefox:3479): GLib-GObject-WARNING **: 17:20:11.471: ../../../gobject/gsignal.c:3599: signal name 'load_complete' is invalid for instance '0x7ff1668d6950' of type 'MaiAtkType139'

(firefox:3479): GLib-GObject-WARNING **: 17:20:13.031: ../../../gobject/gsignal.c:3599: signal name 'load_complete' is invalid for instance '0x7ff167e9e4d0' of type 'MaiAtkType139'

(firefox:3479): GLib-GObject-WARNING **: 17:20:51.356: ../../../gobject/gsignal.c:3599: signal name 'load_complete' is invalid for instance '0x7ff167c91a10' of type 'MaiAtkType13b'
180 seconds have passed, deleting "/tmp/ark-WRiaVV/SearchForm.html"
Removed empty parent directory "/tmp/ark-WRiaVV"
kdeinit5: PID 4976 terminated.

(firefox:3479): GLib-GObject-WARNING **: 17:26:56.081: ../../../gobject/gsignal.c:3599: signal name 'load_complete' is invalid for instance '0x7ff172a239b0' of type 'MaiAtkType13b'

(firefox:3479): GLib-GObject-WARNING **: 17:28:28.855: ../../../gobject/gsignal.c:3599: signal name 'load_complete' is invalid for instance '0x7ff167c91a10' of type 'MaiAtkType21'

(firefox:3479): GLib-GObject-WARNING **: 17:28:32.498: ../../../gobject/gsignal.c:3599: signal name 'load_complete' is invalid for instance '0x7ff15d2b2410' of type 'MaiAtkType13b'

(firefox:3479): GLib-GObject-WARNING **: 17:48:52.208: ../../../gobject/gsignal.c:3599: signal name 'load_complete' is invalid for instance '0x7ff1678ea0b0' of type 'MaiAtkType139'

(firefox:3479): GLib-GObject-WARNING **: 17:48:52.208: ../../../gobject/gsignal.c:3599: signal name 'load_complete' is invalid for instance '0x7ff1678ea110' of type 'MaiAtkType139'

(firefox:3479): GLib-GObject-WARNING **: 17:48:52.208: ../../../gobject/gsignal.c:3599: signal name 'load_complete' is invalid for instance '0x7ff1678eab90' of type 'MaiAtkType139'

(firefox:3479): GLib-GObject-WARNING **: 17:48:52.208: ../../../gobject/gsignal.c:3599: signal name 'load_complete' is invalid for instance '0x7ff1678eaef0' of type 'MaiAtkType139'

(firefox:3479): GLib-GObject-WARNING **: 17:48:52.209: ../../../gobject/gsignal.c:3599: signal name 'load_complete' is invalid for instance '0x7ff1678eba10' of type 'MaiAtkType139'

(firefox:3479): GLib-GObject-WARNING **: 17:48:52.209: ../../../gobject/gsignal.c:3599: signal name 'load_complete' is invalid for instance '0x7ff1678eb170' of type 'MaiAtkType139'

(firefox:3479): GLib-GObject-WARNING **: 17:48:52.209: ../../../gobject/gsignal.c:3599: signal name 'load_complete' is invalid for instance '0x7ff167941050' of type 'MaiAtkType139'

(firefox:3479): GLib-GObject-WARNING **: 17:48:52.209: ../../../gobject/gsignal.c:3599: signal name 'load_complete' is invalid for instance '0x7ff167941110' of type 'MaiAtkType139'

(firefox:3479): GLib-GObject-WARNING **: 17:48:52.209: ../../../gobject/gsignal.c:3599: signal name 'load_complete' is invalid for instance '0x7ff1679b52f0' of type 'MaiAtkType139'

(firefox:3479): GLib-GObject-WARNING **: 17:48:52.209: ../../../gobject/gsignal.c:3599: signal name 'load_complete' is invalid for instance '0x7ff1679b5290' of type 'MaiAtkType139'

(firefox:3479): GLib-GObject-WARNING **: 17:48:52.217: ../../../gobject/gsignal.c:3599: signal name 'load_complete' is invalid for instance '0x7ff1679b9110' of type 'MaiAtkType139'

(firefox:3479): GLib-GObject-WARNING **: 17:48:52.217: ../../../gobject/gsignal.c:3599: signal name 'load_complete' is invalid for instance '0x7ff1679b92f0' of type 'MaiAtkType139'

(firefox:3479): GLib-GObject-WARNING **: 17:50:14.217: ../../../gobject/gsignal.c:3599: signal name 'load_complete' is invalid for instance '0x7ff15d4fcb90' of type 'MaiAtkType21'

(firefox:3479): GLib-GObject-WARNING **: 17:51:15.480: ../../../gobject/gsignal.c:3599: signal name 'load_complete' is invalid for instance '0x7ff170e614d0' of type 'MaiAtkType139'

(firefox:3479): GLib-GObject-WARNING **: 17:51:35.399: ../../../gobject/gsignal.c:3599: signal name 'load_complete' is invalid for instance '0x7ff17174b9b0' of type 'MaiAtkType139'

(firefox:3479): GLib-GObject-WARNING **: 18:10:48.265: ../../../gobject/gsignal.c:3599: signal name 'load_complete' is invalid for instance '0x7ff15bff6a70' of type 'MaiAtkType139'

(firefox:3479): GLib-GObject-WARNING **: 18:10:48.265: ../../../gobject/gsignal.c:3599: signal name 'load_complete' is invalid for instance '0x7ff15bff6c50' of type 'MaiAtkType139'

###!!! [Parent][MessageChannel] Error: (msgtype=0x3A014A,name=PContent::Msg_CreateBrowsingContext) Channel error: cannot send/recv


###!!! [Parent][MessageChannel] Error: (msgtype=0x3A014A,name=PContent::Msg_CreateBrowsingContext) Channel error: cannot send/recv


###!!! [Parent][MessageChannel] Error: (msgtype=0x3A0146,name=PContent::Msg_CommitBrowsingContextTransaction) Channel error: cannot send/recv


###!!! [Parent][MessageChannel] Error: (msgtype=0x3A0146,name=PContent::Msg_CommitBrowsingContextTransaction) Channel error: cannot send/recv


###!!! [Parent][MessageChannel] Error: (msgtype=0x3A0003,name=PContent::Msg_ConstructBrowser) Channel error: cannot send/recv


###!!! [Parent][MessageChannel] Error: (msgtype=0x3A015E,name=PContent::Msg_CreateWindowContext) Channel error: cannot send/recv


###!!! [Parent][MessageChannel] Error: (msgtype=0x3A0146,name=PContent::Msg_CommitBrowsingContextTransaction) Channel error: cannot send/recv


###!!! [Parent][MessageChannel] Error: (msgtype=0x3A0146,name=PContent::Msg_CommitBrowsingContextTransaction) Channel error: cannot send/recv


###!!! [Parent][MessageChannel] Error: (msgtype=0x2300AD,name=PBrowser::Msg_SetWidgetNativeData) Channel error: cannot send/recv


###!!! [Parent][MessageChannel] Error: (msgtype=0x3A0146,name=PContent::Msg_CommitBrowsingContextTransaction) Channel error: cannot send/recv


###!!! [Parent][MessageChannel] Error: (msgtype=0x3A0146,name=PContent::Msg_CommitBrowsingContextTransaction) Channel error: cannot send/recv


###!!! [Parent][MessageChannel] Error: (msgtype=0x230073,name=PBrowser::Msg_InitRendering) Channel error: cannot send/recv


###!!! [Parent][MessageChannel] Error: (msgtype=0x2300A3,name=PBrowser::Msg_SafeAreaInsetsChanged) Channel error: cannot send/recv


###!!! [Parent][MessageChannel] Error: (msgtype=0x23009B,name=PBrowser::Msg_LoadRemoteScript) Channel error: cannot send/recv


###!!! [Parent][MessageChannel] Error: (msgtype=0x23009B,name=PBrowser::Msg_LoadRemoteScript) Channel error: cannot send/recv


###!!! [Parent][MessageChannel] Error: (msgtype=0x23006F,name=PBrowser::Msg_Show) Channel error: cannot send/recv


###!!! [Parent][MessageChannel] Error: (msgtype=0x230075,name=PBrowser::Msg_LoadURL) Channel error: cannot send/recv


###!!! [Parent][MessageChannel] Error: (msgtype=0x23009B,name=PBrowser::Msg_LoadRemoteScript) Channel error: cannot send/recv


###!!! [Parent][MessageChannel] Error: (msgtype=0x23009B,name=PBrowser::Msg_LoadRemoteScript) Channel error: cannot send/recv


###!!! [Parent][MessageChannel] Error: (msgtype=0x230001,name=PBrowser::Msg_AsyncMessage) Channel error: cannot send/recv


###!!! [Parent][MessageChannel] Error: (msgtype=0x23009B,name=PBrowser::Msg_LoadRemoteScript) Channel error: cannot send/recv


###!!! [Parent][MessageChannel] Error: (msgtype=0x230001,name=PBrowser::Msg_AsyncMessage) Channel error: cannot send/recv


###!!! [Parent][MessageChannel] Error: (msgtype=0x3A007A,name=PContent::Msg_LoadURI) Channel error: cannot send/recv


###!!! [Parent][MessageChannel] Error: (msgtype=0x230054,name=PBrowser::Msg_FlushTabState) Channel error: cannot send/recv


###!!! [Parent][MessageChannel] Error: (msgtype=0x23009C,name=PBrowser::Msg_Destroy) Channel error: cannot send/recv


###!!! [Parent][MessageChannel] Error: (msgtype=0x3A014B,name=PContent::Msg_DiscardBrowsingContext) Channel error: cannot send/recv


###!!! [Parent][MessageChannel] Error: (msgtype=0x230079,name=PBrowser::Msg_ChildToParentMatrix) Channel error: cannot send/recv


###!!! [Parent][MessageChannel] Error: (msgtype=0x3A0147,name=PContent::Msg_AsyncMessage) Channel error: cannot send/recv


###!!! [Parent][MessageChannel] Error: (msgtype=0x3A0147,name=PContent::Msg_AsyncMessage) Channel error: cannot send/recv


###!!! [Parent][MessageChannel] Error: (msgtype=0x3A0147,name=PContent::Msg_AsyncMessage) Channel error: cannot send/recv


###!!! [Parent][MessageChannel] Error: (msgtype=0x3A0147,name=PContent::Msg_AsyncMessage) Channel error: cannot send/recv


###!!! [Parent][MessageChannel] Error: (msgtype=0x3A0147,name=PContent::Msg_AsyncMessage) Channel error: cannot send/recv


###!!! [Parent][MessageChannel] Error: (msgtype=0x3A0147,name=PContent::Msg_AsyncMessage) Channel error: cannot send/recv


###!!! [Parent][MessageChannel] Error: (msgtype=0x3A0147,name=PContent::Msg_AsyncMessage) Channel error: cannot send/recv


###!!! [Parent][MessageChannel] Error: (msgtype=0x230001,name=PBrowser::Msg_AsyncMessage) Channel error: cannot send/recv


###!!! [Parent][MessageChannel] Error: (msgtype=0x230001,name=PBrowser::Msg_AsyncMessage) Channel error: cannot send/recv


###!!! [Parent][MessageChannel] Error: (msgtype=0x230001,name=PBrowser::Msg_AsyncMessage) Channel error: cannot send/recv


###!!! [Parent][MessageChannel] Error: (msgtype=0x230001,name=PBrowser::Msg_AsyncMessage) Channel error: cannot send/recv


###!!! [Parent][MessageChannel] Error: (msgtype=0x230001,name=PBrowser::Msg_AsyncMessage) Channel error: cannot send/recv


###!!! [Parent][MessageChannel] Error: (msgtype=0x230001,name=PBrowser::Msg_AsyncMessage) Channel error: cannot send/recv


###!!! [Parent][MessageChannel] Error: (msgtype=0x230001,name=PBrowser::Msg_AsyncMessage) Channel error: cannot send/recv


###!!! [Parent][MessageChannel] Error: (msgtype=0x230001,name=PBrowser::Msg_AsyncMessage) Channel error: cannot send/recv


###!!! [Parent][MessageChannel] Error: (msgtype=0x230001,name=PBrowser::Msg_AsyncMessage) Channel error: cannot send/recv


###!!! [Parent][MessageChannel] Error: (msgtype=0x230001,name=PBrowser::Msg_AsyncMessage) Channel error: cannot send/recv


###!!! [Parent][MessageChannel] Error: (msgtype=0x3A0147,name=PContent::Msg_AsyncMessage) Channel error: cannot send/recv


###!!! [Parent][MessageChannel] Error: (msgtype=0x3A0147,name=PContent::Msg_AsyncMessage) Channel error: cannot send/recv


###!!! [Parent][MessageChannel] Error: (msgtype=0x3A0147,name=PContent::Msg_AsyncMessage) Channel error: cannot send/recv


###!!! [Parent][MessageChannel] Error: (msgtype=0x3A0147,name=PContent::Msg_AsyncMessage) Channel error: cannot send/recv


###!!! [Parent][MessageChannel] Error: (msgtype=0x3A0147,name=PContent::Msg_AsyncMessage) Channel error: cannot send/recv


###!!! [Parent][MessageChannel] Error: (msgtype=0x3A0147,name=PContent::Msg_AsyncMessage) Channel error: cannot send/recv


###!!! [Parent][MessageChannel] Error: (msgtype=0x3A0147,name=PContent::Msg_AsyncMessage) Channel error: cannot send/recv


###!!! [Parent][MessageChannel] Error: (msgtype=0x3A0061,name=PContent::Msg_BlobURLUnregistration) Channel error: cannot send/recv


###!!! [Parent][MessageChannel] Error: (msgtype=0x3A0061,name=PContent::Msg_BlobURLUnregistration) Channel error: cannot send/recv


###!!! [Parent][MessageChannel] Error: (msgtype=0x3A0061,name=PContent::Msg_BlobURLUnregistration) Channel error: cannot send/recv


###!!! [Parent][MessageChannel] Error: (msgtype=0x3A0061,name=PContent::Msg_BlobURLUnregistration) Channel error: cannot send/recv


###!!! [Parent][MessageChannel] Error: (msgtype=0x3A0061,name=PContent::Msg_BlobURLUnregistration) Channel error: cannot send/recv


###!!! [Parent][MessageChannel] Error: (msgtype=0x3A0061,name=PContent::Msg_BlobURLUnregistration) Channel error: cannot send/recv


###!!! [Parent][MessageChannel] Error: (msgtype=0x3A0061,name=PContent::Msg_BlobURLUnregistration) Channel error: cannot send/recv


###!!! [Parent][MessageChannel] Error: (msgtype=0x23007F,name=PBrowser::Msg_StopIMEStateManagement) Channel error: cannot send/recv


###!!! [Parent][MessageChannel] Error: (msgtype=0x23007D,name=PBrowser::Msg_ParentActivated) Channel error: cannot send/recv


###!!! [Parent][MessageChannel] Error: (msgtype=0x23007D,name=PBrowser::Msg_ParentActivated) Channel error: cannot send/recv


###!!! [Parent][MessageChannel] Error: (msgtype=0x23007D,name=PBrowser::Msg_ParentActivated) Channel error: cannot send/recv


###!!! [Parent][MessageChannel] Error: (msgtype=0x230070,name=PBrowser::Msg_Activate) Channel error: cannot send/recv


###!!! [Parent][MessageChannel] Error: (msgtype=0x3A003A,name=PContent::Msg_UpdateSharedData) Channel error: cannot send/recv

[Parent 3479, Main Thread] WARNING: FileDescriptorSet destroyed with unconsumed descriptors: file /build/firefox-QNG6LY/firefox-84.0+build3/ipc/chromium/src/chrome/common/file_descriptor_set_posix.cc:19

###!!! [Parent][MessageChannel] Error: (msgtype=0x3A003A,name=PContent::Msg_UpdateSharedData) Channel error: cannot send/recv

[Parent 3479, Main Thread] WARNING: FileDescriptorSet destroyed with unconsumed descriptors: file /build/firefox-QNG6LY/firefox-84.0+build3/ipc/chromium/src/chrome/common/file_descriptor_set_posix.cc:19

###!!! [Parent][MessageChannel] Error: (msgtype=0x3A003A,name=PContent::Msg_UpdateSharedData) Channel error: cannot send/recv

[Parent 3479, Main Thread] WARNING: FileDescriptorSet destroyed with unconsumed descriptors: file /build/firefox-QNG6LY/firefox-84.0+build3/ipc/chromium/src/chrome/common/file_descriptor_set_posix.cc:19

###!!! [Parent][MessageChannel] Error: (msgtype=0x3A003A,name=PContent::Msg_UpdateSharedData) Channel error: cannot send/recv

[Parent 3479, Main Thread] WARNING: FileDescriptorSet destroyed with unconsumed descriptors: file /build/firefox-QNG6LY/firefox-84.0+build3/ipc/chromium/src/chrome/common/file_descriptor_set_posix.cc:19

###!!! [Parent][MessageChannel] Error: (msgtype=0x3A0062,name=PContent::Msg_GMPsChanged) Channel error: cannot send/recv


###!!! [Parent][MessageChannel] Error: (msgtype=0x3A0062,name=PContent::Msg_GMPsChanged) Channel error: cannot send/recv


###!!! [Parent][MessageChannel] Error: (msgtype=0x3A0062,name=PContent::Msg_GMPsChanged) Channel error: cannot send/recv


###!!! [Parent][MessageChannel] Error: (msgtype=0x3A0062,name=PContent::Msg_GMPsChanged) Channel error: cannot send/recv


###!!! [Parent][MessageChannel] Error: (msgtype=0x3A0061,name=PContent::Msg_BlobURLUnregistration) Channel error: cannot send/recv


###!!! [Parent][MessageChannel] Error: (msgtype=0x3A0061,name=PContent::Msg_BlobURLUnregistration) Channel error: cannot send/recv


###!!! [Parent][MessageChannel] Error: (msgtype=0x3A0061,name=PContent::Msg_BlobURLUnregistration) Channel error: cannot send/recv


###!!! [Parent][MessageChannel] Error: (msgtype=0x3A0061,name=PContent::Msg_BlobURLUnregistration) Channel error: cannot send/recv


###!!! [Parent][MessageChannel] Error: (msgtype=0x3A0061,name=PContent::Msg_BlobURLUnregistration) Channel error: cannot send/recv


###!!! [Parent][MessageChannel] Error: (msgtype=0x3A0061,name=PContent::Msg_BlobURLUnregistration) Channel error: cannot send/recv


###!!! [Parent][MessageChannel] Error: (msgtype=0x3A0061,name=PContent::Msg_BlobURLUnregistration) Channel error: cannot send/recv


###!!! [Parent][MessageChannel] Error: (msgtype=0x3A0061,name=PContent::Msg_BlobURLUnregistration) Channel error: cannot send/recv


###!!! [Parent][MessageChannel] Error: (msgtype=0x3A0061,name=PContent::Msg_BlobURLUnregistration) Channel error: cannot send/recv

klauncher: Exiting on signal 15
klauncher: Exiting on signal 1

(firefox:9120): GLib-GObject-WARNING **: 20:47:14.843: ../../../gobject/gsignal.c:3599: signal name 'load_complete' is invalid for instance '0x7fa9a1ee53b0' of type 'MaiAtkType139'

(firefox:9120): GLib-GObject-WARNING **: 20:47:14.889: ../../../gobject/gsignal.c:3599: signal name 'load_complete' is invalid for instance '0x7fa9a1ee5530' of type 'MaiAtkType139'

(firefox:9120): GLib-GObject-WARNING **: 20:47:22.074: ../../../gobject/gsignal.c:3599: signal name 'load_complete' is invalid for instance '0x7fa9a04fa050' of type 'MaiAtkType139'

(firefox:9120): GLib-GObject-WARNING **: 20:47:22.074: ../../../gobject/gsignal.c:3599: signal name 'load_complete' is invalid for instance '0x7fa9a04faad0' of type 'MaiAtkType139'

(firefox:9120): GLib-GObject-WARNING **: 20:50:49.514: ../../../gobject/gsignal.c:3599: signal name 'load_complete' is invalid for instance '0x7fa99e38c9b0' of type 'MaiAtkType21'

(firefox:9120): GLib-GObject-WARNING **: 20:50:59.299: ../../../gobject/gsignal.c:3599: signal name 'load_complete' is invalid for instance '0x7fa9a28fa4d0' of type 'MaiAtkType119'

(firefox:2423): GLib-GObject-WARNING **: 22:03:40.383: ../../../gobject/gsignal.c:3599: signal name 'text_selection_changed' is invalid for instance '0x7f9e31fd5b30' of type 'MaiAtkType25'

(firefox:2423): GLib-GObject-WARNING **: 22:03:47.178: ../../../gobject/gsignal.c:3599: signal name 'text_selection_changed' is invalid for instance '0x7f9e31fd5830' of type 'MaiAtkType27'

(firefox:2423): GLib-GObject-WARNING **: 22:03:47.180: ../../../gobject/gsignal.c:3599: signal name 'text_caret_moved' is invalid for instance '0x7f9e31fd5830' of type 'MaiAtkType27'

(firefox:2423): GLib-GObject-WARNING **: 22:07:15.868: ../../../gobject/gsignal.c:3599: signal name 'load_complete' is invalid for instance '0x7f9e2aa5f470' of type 'MaiAtkType139'

(firefox:2423): GLib-GObject-WARNING **: 22:07:15.868: ../../../gobject/gsignal.c:3599: signal name 'load_complete' is invalid for instance '0x7f9e2aa5f230' of type 'MaiAtkType139'

(firefox:2423): GLib-GObject-WARNING **: 22:07:24.075: ../../../gobject/gsignal.c:3599: signal name 'load_complete' is invalid for instance '0x7f9e28981dd0' of type 'MaiAtkType139'

(firefox:2423): GLib-GObject-WARNING **: 22:07:45.837: ../../../gobject/gsignal.c:3599: signal name 'load_complete' is invalid for instance '0x7f9e337f94d0' of type 'MaiAtkType139'

(firefox:2423): GLib-GObject-WARNING **: 22:07:45.837: ../../../gobject/gsignal.c:3599: signal name 'load_complete' is invalid for instance '0x7f9e337f9170' of type 'MaiAtkType139'

(firefox:2423): GLib-GObject-WARNING **: 22:07:47.781: ../../../gobject/gsignal.c:3599: signal name 'load_complete' is invalid for instance '0x7f9e28d16d70' of type 'MaiAtkType139'

(firefox:2423): GLib-GObject-WARNING **: 22:10:20.035: ../../../gobject/gsignal.c:3599: signal name 'text_selection_changed' is invalid for instance '0x7f9e32bee2f0' of type 'MaiAtkType27'

(firefox:2423): GLib-GObject-WARNING **: 22:10:20.036: ../../../gobject/gsignal.c:3599: signal name 'text_caret_moved' is invalid for instance '0x7f9e32bee2f0' of type 'MaiAtkType27'

(firefox:2423): GLib-GObject-WARNING **: 22:10:48.110: ../../../gobject/gsignal.c:3599: signal name 'text_selection_changed' is invalid for instance '0x7f9e32bee2f0' of type 'MaiAtkType27'

(firefox:2423): GLib-GObject-WARNING **: 22:10:48.110: ../../../gobject/gsignal.c:3599: signal name 'text_caret_moved' is invalid for instance '0x7f9e32bee2f0' of type 'MaiAtkType27'

(firefox:2423): GLib-GObject-WARNING **: 22:11:53.632: ../../../gobject/gsignal.c:3599: signal name 'load_complete' is invalid for instance '0x7f9e27034530' of type 'MaiAtkType21'
[Child 2490, MediaDecoderStateMachine #1] WARNING: Decoder=7f5b2358f000 Decode error: NS_ERROR_DOM_MEDIA_FATAL_ERR (0x806e0005) - RefPtr<MediaSourceTrackDemuxer::SamplesPromise> mozilla::MediaSourceTrackDemuxer::DoGetSamples(int32_t): manager is detached.: file /build/firefox-QNG6LY/firefox-84.0+build3/dom/media/MediaDecoderStateMachine.cpp:3471
[Child 2490, MediaDecoderStateMachine #1] WARNING: Decoder=7f5b2358f000 Decode error: NS_ERROR_DOM_MEDIA_FATAL_ERR (0x806e0005) - RefPtr<MediaSourceTrackDemuxer::SamplesPromise> mozilla::MediaSourceTrackDemuxer::DoGetSamples(int32_t): manager is detached.: file /build/firefox-QNG6LY/firefox-84.0+build3/dom/media/MediaDecoderStateMachine.cpp:3471
[Child 2490, MediaDecoderStateMachine #1] WARNING: Decoder=7f5b2358f000 Decode error: NS_ERROR_DOM_MEDIA_FATAL_ERR (0x806e0005) - RefPtr<MediaSourceTrackDemuxer::SamplesPromise> mozilla::MediaSourceTrackDemuxer::DoGetSamples(int32_t): manager is detached.: file /build/firefox-QNG6LY/firefox-84.0+build3/dom/media/MediaDecoderStateMachine.cpp:3471
[Child 2490, MediaDecoderStateMachine #1] WARNING: Decoder=7f5b2358f000 Decode error: NS_ERROR_DOM_MEDIA_FATAL_ERR (0x806e0005) - RefPtr<MediaSourceTrackDemuxer::SamplesPromise> mozilla::MediaSourceTrackDemuxer::DoGetSamples(int32_t): manager is detached.: file /build/firefox-QNG6LY/firefox-84.0+build3/dom/media/MediaDecoderStateMachine.cpp:3471
[Child 2490, MediaDecoderStateMachine #1] WARNING: Decoder=7f5b2358f000 Decode error: NS_ERROR_DOM_MEDIA_FATAL_ERR (0x806e0005) - RefPtr<MediaSourceTrackDemuxer::SamplesPromise> mozilla::MediaSourceTrackDemuxer::DoGetSamples(int32_t): manager is detached.: file /build/firefox-QNG6LY/firefox-84.0+build3/dom/media/MediaDecoderStateMachine.cpp:3471
[Child 2490, MediaDecoderStateMachine #1] WARNING: Decoder=7f5b2358f000 Decode error: NS_ERROR_DOM_MEDIA_FATAL_ERR (0x806e0005) - RefPtr<MediaSourceTrackDemuxer::SamplesPromise> mozilla::MediaSourceTrackDemuxer::DoGetSamples(int32_t): manager is detached.: file /build/firefox-QNG6LY/firefox-84.0+build3/dom/media/MediaDecoderStateMachine.cpp:3471

(firefox:2423): GLib-GObject-WARNING **: 22:12:00.001: ../../../gobject/gsignal.c:3599: signal name 'text_selection_changed' is invalid for instance '0x7f9e289a71d0' of type 'MaiAtkType27'

(firefox:2423): GLib-GObject-WARNING **: 22:12:00.005: ../../../gobject/gsignal.c:3599: signal name 'text_caret_moved' is invalid for instance '0x7f9e289a71d0' of type 'MaiAtkType27'

(firefox:2423): GLib-GObject-WARNING **: 22:18:31.621: ../../../gobject/gsignal.c:3599: signal name 'text_selection_changed' is invalid for instance '0x7f9e34f32f50' of type 'MaiAtkType27'

(firefox:2423): GLib-GObject-WARNING **: 22:18:31.621: ../../../gobject/gsignal.c:3599: signal name 'text_caret_moved' is invalid for instance '0x7f9e34f32f50' of type 'MaiAtkType27'

(firefox:2423): GLib-GObject-WARNING **: 23:35:01.879: ../../../gobject/gsignal.c:3599: signal name 'load_complete' is invalid for instance '0x7f9e0f7ddd70' of type 'MaiAtkType139'

(firefox:2423): GLib-GObject-WARNING **: 23:35:01.895: ../../../gobject/gsignal.c:3599: signal name 'load_complete' is invalid for instance '0x7f9e0f7dddd0' of type 'MaiAtkType139'

(firefox:2423): GLib-GObject-WARNING **: 00:01:18.191: ../../../gobject/gsignal.c:3599: signal name 'load_complete' is invalid for instance '0x7f9e2a3d63b0' of type 'MaiAtkType139'

(firefox:2423): GLib-GObject-WARNING **: 00:01:18.210: ../../../gobject/gsignal.c:3599: signal name 'load_complete' is invalid for instance '0x7f9e2a3d6e30' of type 'MaiAtkType139'

###!!! [Parent][MessageChannel] Error: (msgtype=0x3A0146,name=PContent::Msg_CommitBrowsingContextTransaction) Channel error: cannot send/recv


###!!! [Parent][MessageChannel] Error: (msgtype=0x3A0147,name=PContent::Msg_AsyncMessage) Channel error: cannot send/recv


###!!! [Parent][MessageChannel] Error: (msgtype=0x3A0147,name=PContent::Msg_AsyncMessage) Channel error: cannot send/recv


###!!! [Parent][MessageChannel] Error: (msgtype=0x3A0147,name=PContent::Msg_AsyncMessage) Channel error: cannot send/recv


###!!! [Parent][MessageChannel] Error: (msgtype=0x3A0147,name=PContent::Msg_AsyncMessage) Channel error: cannot send/recv


###!!! [Parent][MessageChannel] Error: (msgtype=0x3A0147,name=PContent::Msg_AsyncMessage) Channel error: cannot send/recv


###!!! [Parent][MessageChannel] Error: (msgtype=0x3A0147,name=PContent::Msg_AsyncMessage) Channel error: cannot send/recv


###!!! [Parent][MessageChannel] Error: (msgtype=0x3A0147,name=PContent::Msg_AsyncMessage) Channel error: cannot send/recv


###!!! [Parent][MessageChannel] Error: (msgtype=0x3A0147,name=PContent::Msg_AsyncMessage) Channel error: cannot send/recv


###!!! [Parent][MessageChannel] Error: (msgtype=0x3A0147,name=PContent::Msg_AsyncMessage) Channel error: cannot send/recv


###!!! [Parent][MessageChannel] Error: (msgtype=0x230001,name=PBrowser::Msg_AsyncMessage) Channel error: cannot send/recv


###!!! [Parent][MessageChannel] Error: (msgtype=0x230001,name=PBrowser::Msg_AsyncMessage) Channel error: cannot send/recv


###!!! [Parent][MessageChannel] Error: (msgtype=0x230001,name=PBrowser::Msg_AsyncMessage) Channel error: cannot send/recv


###!!! [Parent][MessageChannel] Error: (msgtype=0x230001,name=PBrowser::Msg_AsyncMessage) Channel error: cannot send/recv


###!!! [Parent][MessageChannel] Error: (msgtype=0x230001,name=PBrowser::Msg_AsyncMessage) Channel error: cannot send/recv


###!!! [Parent][MessageChannel] Error: (msgtype=0x230001,name=PBrowser::Msg_AsyncMessage) Channel error: cannot send/recv


###!!! [Parent][MessageChannel] Error: (msgtype=0x3A0147,name=PContent::Msg_AsyncMessage) Channel error: cannot send/recv


###!!! [Parent][MessageChannel] Error: (msgtype=0x3A0147,name=PContent::Msg_AsyncMessage) Channel error: cannot send/recv


###!!! [Parent][MessageChannel] Error: (msgtype=0x3A0147,name=PContent::Msg_AsyncMessage) Channel error: cannot send/recv


###!!! [Parent][MessageChannel] Error: (msgtype=0x3A0147,name=PContent::Msg_AsyncMessage) Channel error: cannot send/recv


###!!! [Parent][MessageChannel] Error: (msgtype=0x3A0061,name=PContent::Msg_BlobURLUnregistration) Channel error: cannot send/recv


###!!! [Parent][MessageChannel] Error: (msgtype=0x3A0061,name=PContent::Msg_BlobURLUnregistration) Channel error: cannot send/recv


###!!! [Parent][MessageChannel] Error: (msgtype=0x3A0061,name=PContent::Msg_BlobURLUnregistration) Channel error: cannot send/recv


###!!! [Parent][MessageChannel] Error: (msgtype=0x3A0061,name=PContent::Msg_BlobURLUnregistration) Channel error: cannot send/recv


###!!! [Parent][MessageChannel] Error: (msgtype=0x3A015F,name=PContent::Msg_DiscardWindowContext) Channel error: cannot send/recv


###!!! [Parent][MessageChannel] Error: (msgtype=0x3A014B,name=PContent::Msg_DiscardBrowsingContext) Channel error: cannot send/recv


###!!! [Parent][MessageChannel] Error: (msgtype=0x3A003A,name=PContent::Msg_UpdateSharedData) Channel error: cannot send/recv

[Parent 2423, Main Thread] WARNING: FileDescriptorSet destroyed with unconsumed descriptors: file /build/firefox-QNG6LY/firefox-84.0+build3/ipc/chromium/src/chrome/common/file_descriptor_set_posix.cc:19

###!!! [Parent][MessageChannel] Error: (msgtype=0x3A0062,name=PContent::Msg_GMPsChanged) Channel error: cannot send/recv

[Child 11230, MediaDecoderStateMachine #1] WARNING: Decoder=7fe1c20b5800 Decode error: NS_ERROR_DOM_MEDIA_FATAL_ERR (0x806e0005) - RefPtr<MediaSourceTrackDemuxer::SamplesPromise> mozilla::MediaSourceTrackDemuxer::DoGetSamples(int32_t): manager is detached.: file /build/firefox-QNG6LY/firefox-84.0+build3/dom/media/MediaDecoderStateMachine.cpp:3471
[Child 7771, MediaDecoderStateMachine #1] WARNING: Decoder=7f2b82797800 Decode error: NS_ERROR_DOM_MEDIA_FATAL_ERR (0x806e0005) - RefPtr<MediaSourceTrackDemuxer::SamplesPromise> mozilla::MediaSourceTrackDemuxer::DoGetSamples(int32_t): manager is detached.: file /build/firefox-QNG6LY/firefox-84.0+build3/dom/media/MediaDecoderStateMachine.cpp:3471
[Child 7771, MediaDecoderStateMachine #1] WARNING: Decoder=7f2b82797800 Decode error: NS_ERROR_DOM_MEDIA_FATAL_ERR (0x806e0005) - RefPtr<MediaSourceTrackDemuxer::SamplesPromise> mozilla::MediaSourceTrackDemuxer::DoGetSamples(int32_t): manager is detached.: file /build/firefox-QNG6LY/firefox-84.0+build3/dom/media/MediaDecoderStateMachine.cpp:3471
[Child 7771, MediaDecoderStateMachine #1] WARNING: Decoder=7f2b82797800 Decode error: NS_ERROR_DOM_MEDIA_FATAL_ERR (0x806e0005) - RefPtr<MediaSourceTrackDemuxer::SamplesPromise> mozilla::MediaSourceTrackDemuxer::DoGetSamples(int32_t): manager is detached.: file /build/firefox-QNG6LY/firefox-84.0+build3/dom/media/MediaDecoderStateMachine.cpp:3471
[Child 7771, MediaDecoderStateMachine #1] WARNING: Decoder=7f2b82797800 Decode error: NS_ERROR_DOM_MEDIA_FATAL_ERR (0x806e0005) - RefPtr<MediaSourceTrackDemuxer::SamplesPromise> mozilla::MediaSourceTrackDemuxer::DoGetSamples(int32_t): manager is detached.: file /build/firefox-QNG6LY/firefox-84.0+build3/dom/media/MediaDecoderStateMachine.cpp:3471

###!!! [Child][RunMessage] Error: Channel closing: too late to send/recv, messages will be lost

